#
# A fatal error has been detected by the Java Runtime Environment:
#
#  EXCEPTION_ACCESS_VIOLATION (0xc0000005) at pc=0x00007ffae5302a8f, pid=4556, tid=15020
#
# JRE version: OpenJDK Runtime Environment Temurin-11.0.12+7 (11.0.12+7) (build 11.0.12+7)
# Java VM: OpenJDK 64-Bit Server VM Temurin-11.0.12+7 (11.0.12+7, mixed mode, tiered, compressed oops, parallel gc, windows-amd64)
# Problematic frame:
# V  [jvm.dll+0x372a8f]
#
# No core dump will be written. Minidumps are not enabled by default on client versions of Windows
#
# If you would like to submit a bug report, please visit:
#   https://github.com/adoptium/adoptium-support/issues
#

---------------  S U M M A R Y ------------

Command Line: --add-modules=ALL-SYSTEM --add-opens=java.base/java.util=ALL-UNNAMED --add-opens=java.base/java.lang=ALL-UNNAMED -Declipse.application=org.eclipse.jdt.ls.core.id1 -Dosgi.bundles.defaultStartLevel=4 -Declipse.product=org.eclipse.jdt.ls.core.product -Dfile.encoding=utf8 -DwatchParentProcess=false -XX:+UseParallelGC -XX:GCTimeRatio=4 -XX:AdaptiveSizePolicyWeight=90 -Dsun.zip.disableMemoryMapping=true -Xmx1G -Xms100m -javaagent:c:\Users\Joel Klingberg\.vscode\extensions\gabrielbb.vscode-lombok-1.0.1\server\lombok.jar -Xverify:none c:\Users\Joel Klingberg\.vscode\extensions\redhat.java-0.82.0\server\plugins\org.eclipse.equinox.launcher_1.6.300.v20210813-1054.jar -configuration c:\Users\Joel Klingberg\AppData\Roaming\Code\User\globalStorage\redhat.java\0.82.0\config_ss_win -data c:\Users\Joel Klingberg\AppData\Roaming\Code\User\workspaceStorage\2ae2c676817ff599b1435dda7617d753\redhat.java\ss_ws

Host: Intel(R) Core(TM) i7-9750H CPU @ 2.60GHz, 12 cores, 7G,  Windows 10 , 64 bit Build 19041 (10.0.19041.1202)
Time: Sun Oct 17 12:27:51 2021 W. Europe Summer Time elapsed time: 4.148716 seconds (0d 0h 0m 4s)

---------------  T H R E A D  ---------------

Current thread (0x00000277663e5000):  JavaThread "pool-1-thread-1" [_thread_in_vm, id=15020, stack(0x00000093e3100000,0x00000093e3200000)]

Stack: [0x00000093e3100000,0x00000093e3200000],  sp=0x00000093e31fd440,  free space=1013k
Native frames: (J=compiled Java code, j=interpreted, Vv=VM code, C=native code)
V  [jvm.dll+0x372a8f]
C  0x000002775083dd6d

Java frames: (J=compiled Java code, j=interpreted, Vv=VM code)
j  org.eclipse.jdt.internal.compiler.parser.Scanner.getNextToken0()I+93
j  org.eclipse.jdt.internal.compiler.parser.Scanner.getNextToken()I+47
j  org.eclipse.jdt.internal.compiler.parser.Parser.fetchNextToken()I+4
j  org.eclipse.jdt.internal.compiler.parser.Parser.parse()V+329
j  org.eclipse.jdt.internal.compiler.parser.Parser.parse(Lorg/eclipse/jdt/internal/compiler/env/ICompilationUnit;Lorg/eclipse/jdt/internal/compiler/CompilationResult;II)Lorg/eclipse/jdt/internal/compiler/ast/CompilationUnitDeclaration;+178
j  org.eclipse.jdt.internal.compiler.parser.Parser.parse(Lorg/eclipse/jdt/internal/compiler/env/ICompilationUnit;Lorg/eclipse/jdt/internal/compiler/CompilationResult;)Lorg/eclipse/jdt/internal/compiler/ast/CompilationUnitDeclaration;+5
j  org.eclipse.jdt.internal.compiler.SourceElementParser.parseCompilationUnit(Lorg/eclipse/jdt/internal/compiler/env/ICompilationUnit;ZLorg/eclipse/core/runtime/IProgressMonitor;)Lorg/eclipse/jdt/internal/compiler/ast/CompilationUnitDeclaration;+53
j  org.eclipse.jdt.internal.core.CompilationUnit.buildStructure(Lorg/eclipse/jdt/internal/core/OpenableElementInfo;Lorg/eclipse/core/runtime/IProgressMonitor;Ljava/util/Map;Lorg/eclipse/core/resources/IResource;)Z+523
J 3213 c1 org.eclipse.jdt.internal.core.Openable.generateInfos(Ljava/lang/Object;Ljava/util/HashMap;Lorg/eclipse/core/runtime/IProgressMonitor;)V (281 bytes) @ 0x0000027751415534 [0x0000027751414f80+0x00000000000005b4]
J 3229 c1 org.eclipse.jdt.internal.core.JavaElement.openWhenClosed(Ljava/lang/Object;ZLorg/eclipse/core/runtime/IProgressMonitor;)Ljava/lang/Object; (169 bytes) @ 0x000002775141f694 [0x000002775141f4c0+0x00000000000001d4]
j  org.eclipse.jdt.internal.core.BecomeWorkingCopyOperation.executeOperation()V+29
j  org.eclipse.jdt.internal.core.JavaModelOperation.run(Lorg/eclipse/core/runtime/IProgressMonitor;)V+55
j  org.eclipse.jdt.internal.core.JavaModelOperation.runOperation(Lorg/eclipse/core/runtime/IProgressMonitor;)V+32
j  org.eclipse.jdt.internal.core.CompilationUnit.becomeWorkingCopy(Lorg/eclipse/jdt/core/IProblemRequestor;Lorg/eclipse/core/runtime/IProgressMonitor;)V+37
j  org.eclipse.jdt.internal.core.CompilationUnit.becomeWorkingCopy(Lorg/eclipse/core/runtime/IProgressMonitor;)V+23
j  org.eclipse.jdt.ls.core.internal.handlers.BaseDocumentLifeCycleHandler.handleOpen(Lorg/eclipse/lsp4j/DidOpenTextDocumentParams;)Lorg/eclipse/jdt/core/ICompilationUnit;+144
j  org.eclipse.jdt.ls.core.internal.handlers.BaseDocumentLifeCycleHandler$5.run(Lorg/eclipse/core/runtime/IProgressMonitor;)V+8
j  org.eclipse.core.internal.resources.Workspace.run(Lorg/eclipse/core/runtime/ICoreRunnable;Lorg/eclipse/core/runtime/jobs/ISchedulingRule;ILorg/eclipse/core/runtime/IProgressMonitor;)V+69
j  org.eclipse.core.internal.resources.Workspace.run(Lorg/eclipse/core/resources/IWorkspaceRunnable;Lorg/eclipse/core/runtime/jobs/ISchedulingRule;ILorg/eclipse/core/runtime/IProgressMonitor;)V+6
j  org.eclipse.jdt.ls.core.internal.handlers.BaseDocumentLifeCycleHandler.didOpen(Lorg/eclipse/lsp4j/DidOpenTextDocumentParams;)V+59
j  org.eclipse.jdt.ls.core.internal.syntaxserver.SyntaxLanguageServer.didOpen(Lorg/eclipse/lsp4j/DidOpenTextDocumentParams;)V+11
v  ~StubRoutines::call_stub
j  jdk.internal.reflect.NativeMethodAccessorImpl.invoke0(Ljava/lang/reflect/Method;Ljava/lang/Object;[Ljava/lang/Object;)Ljava/lang/Object;+0 java.base@11.0.12
j  jdk.internal.reflect.NativeMethodAccessorImpl.invoke(Ljava/lang/Object;[Ljava/lang/Object;)Ljava/lang/Object;+100 java.base@11.0.12
J 1156 c1 jdk.internal.reflect.DelegatingMethodAccessorImpl.invoke(Ljava/lang/Object;[Ljava/lang/Object;)Ljava/lang/Object; java.base@11.0.12 (10 bytes) @ 0x0000027750fc493c [0x0000027750fc4840+0x00000000000000fc]
J 1155 c1 java.lang.reflect.Method.invoke(Ljava/lang/Object;[Ljava/lang/Object;)Ljava/lang/Object; java.base@11.0.12 (65 bytes) @ 0x0000027750fc29cc [0x0000027750fc26a0+0x000000000000032c]
j  org.eclipse.lsp4j.jsonrpc.services.GenericEndpoint.lambda$null$0(Lorg/eclipse/lsp4j/jsonrpc/services/AnnotationUtil$MethodInfo;Ljava/lang/Object;Ljava/lang/Object;)Ljava/util/concurrent/CompletableFuture;+20
j  org.eclipse.lsp4j.jsonrpc.services.GenericEndpoint$$Lambda$163.apply(Ljava/lang/Object;)Ljava/lang/Object;+13
j  org.eclipse.lsp4j.jsonrpc.services.GenericEndpoint.notify(Ljava/lang/String;Ljava/lang/Object;)V+18
j  org.eclipse.lsp4j.jsonrpc.RemoteEndpoint.handleNotification(Lorg/eclipse/lsp4j/jsonrpc/messages/NotificationMessage;)V+20
j  org.eclipse.lsp4j.jsonrpc.RemoteEndpoint.consume(Lorg/eclipse/lsp4j/jsonrpc/messages/Message;)V+14
j  org.eclipse.lsp4j.jsonrpc.json.StreamMessageProducer.handleMessage(Ljava/io/InputStream;Lorg/eclipse/lsp4j/jsonrpc/json/StreamMessageProducer$Headers;)Z+99
j  org.eclipse.lsp4j.jsonrpc.json.StreamMessageProducer.listen(Lorg/eclipse/lsp4j/jsonrpc/MessageConsumer;)V+158
j  org.eclipse.lsp4j.jsonrpc.json.ConcurrentMessageProcessor.run()V+12
j  java.util.concurrent.Executors$RunnableAdapter.call()Ljava/lang/Object;+4 java.base@11.0.12
j  java.util.concurrent.FutureTask.run()V+39 java.base@11.0.12
j  java.util.concurrent.ThreadPoolExecutor.runWorker(Ljava/util/concurrent/ThreadPoolExecutor$Worker;)V+92 java.base@11.0.12
j  java.util.concurrent.ThreadPoolExecutor$Worker.run()V+5 java.base@11.0.12
j  java.lang.Thread.run()V+11 java.base@11.0.12
v  ~StubRoutines::call_stub

siginfo: EXCEPTION_ACCESS_VIOLATION (0xc0000005), reading address 0x00000000ec4d351c


Register to memory mapping:

RIP=0x00007ffae5302a8f jvm.dll
RAX=0x000000000000000c is an unknown value
RBX=0x00000000ec4d3510 is an unallocated location in the heap
RCX=0x00000093e31fd480 is pointing into the stack for thread: 0x00000277663e5000
RDX=0x00007ffae57f8e98 jvm.dll
RSP=0x00000093e31fd440 is pointing into the stack for thread: 0x00000277663e5000
RBP=0x0000027763be2680 points into unknown readable memory: 0x0000000000000000 | 00 00 00 00 00 00 00 00
RSI=0x0000027766443900 points into unknown readable memory: 0x0000027700000002 | 02 00 00 00 77 02 00 00
RDI=0x00000277663e5000 is a thread
R8 =0x0000000000000105 is an unknown value
R9 =0x0000000000000006 is an unknown value
R10=0x000002776652a9f0 points into unknown readable memory: 0x0000003c00000005 | 05 00 00 00 3c 00 00 00
R11=0x00000093e31fd430 is pointing into the stack for thread: 0x00000277663e5000
R12=0x0000000000000105 is an unknown value
R13=0x00000000000003d8 is an unknown value
R14=0x0000027763be2690 points into unknown readable memory: 0x00000277660e6ec4 | c4 6e 0e 66 77 02 00 00
R15=0x0000027763be2a68 points into unknown readable memory: 0x88000a000bcc31bd | bd 31 cc 0b 00 0a 00 88


Registers:
RAX=0x000000000000000c, RBX=0x00000000ec4d3510, RCX=0x00000093e31fd480, RDX=0x00007ffae57f8e98
RSP=0x00000093e31fd440, RBP=0x0000027763be2680, RSI=0x0000027766443900, RDI=0x00000277663e5000
R8 =0x0000000000000105, R9 =0x0000000000000006, R10=0x000002776652a9f0, R11=0x00000093e31fd430
R12=0x0000000000000105, R13=0x00000000000003d8, R14=0x0000027763be2690, R15=0x0000027763be2a68
RIP=0x00007ffae5302a8f, EFLAGS=0x0000000000010202

Top of Stack: (sp=0x00000093e31fd440)
0x00000093e31fd440:   0000027771ae7960 00000000ec4d3510
0x00000093e31fd450:   000000000000000d 00000277663e5000
0x00000093e31fd460:   0000027771c632c0 00007ffae5562bb0
0x00000093e31fd470:   00000277663e5000 00000277663e5000
0x00000093e31fd480:   00007ffae586bdf0 0000005000000000
0x00000093e31fd490:   0000000000000000 0000000000000000
0x00000093e31fd4a0:   0000000000000000 0000000000000000
0x00000093e31fd4b0:   0000000000000000 00000093e31fd4d1
0x00000093e31fd4c0:   0000000000000000 0000000000000030
0x00000093e31fd4d0:   0000027771c60000 00000277663e5000
0x00000093e31fd4e0:   0000027771c632c0 00000277663e5000
0x00000093e31fd4f0:   0000027772e6d3f8 00007ffae5666485
0x00000093e31fd500:   000000000000000b 0000000000000104
0x00000093e31fd510:   0000d15d6295210b 00000093e31fd518
0x00000093e31fd520:   00000277663e5000 00000093e31fd650
0x00000093e31fd530:   0000027771ae694d 0000000000000000 

Instructions: (pc=0x00007ffae5302a8f)
0x00007ffae530298f:   00 00 00 75 1a 8b 83 d8 00 00 00 c1 e8 1d a8 01
0x00007ffae530299f:   75 0d 8b 83 d8 00 00 00 c1 e8 02 a8 01 74 0a b2
0x00007ffae53029af:   01 48 8b cb e8 a8 7f 3d 00 48 8b 9c 24 80 00 00
0x00007ffae53029bf:   00 48 83 c4 40 41 5f 41 5e 5f 5e 5d c3 cc cc cc
0x00007ffae53029cf:   cc 4c 8b dc 57 48 81 ec 10 01 00 00 48 8b 05 26
0x00007ffae53029df:   e5 6d 00 48 33 c4 48 89 84 24 d0 00 00 00 49 89
0x00007ffae53029ef:   5b 20 48 8b f9 49 89 73 e8 48 8b da 4d 89 63 e0
0x00007ffae53029ff:   ba 03 00 00 00 45 8b e0 48 89 4c 24 30 4c 8b c1
0x00007ffae5302a0f:   c7 81 c0 03 00 00 06 00 00 00 e8 42 da ff ff 48
0x00007ffae5302a1f:   83 7f 08 00 0f 85 ed 00 00 00 48 8b b7 78 02 00
0x00007ffae5302a2f:   00 48 8d 4c 24 40 48 89 ac 24 08 01 00 00 33 d2
0x00007ffae5302a3f:   4c 89 ac 24 f0 00 00 00 4c 89 b4 24 e8 00 00 00
0x00007ffae5302a4f:   48 8b 6e 10 4c 8b 76 18 4c 8b 6e 28 4c 89 bc 24
0x00007ffae5302a5f:   e0 00 00 00 4c 8b 7e 20 e8 b4 fc 28 00 80 3d ee
0x00007ffae5302a6f:   11 71 00 00 48 8d 15 1e 64 4f 00 b9 0c 00 00 00
0x00007ffae5302a7f:   b8 10 00 00 00 0f 45 c1 45 8b c4 48 8d 4c 24 40
0x00007ffae5302a8f:   44 8b 0c 18 e8 f8 13 29 00 48 8b 1d 81 86 74 00
0x00007ffae5302a9f:   48 8d 4c 24 40 e8 37 04 29 00 4c 8b cb 48 89 44
0x00007ffae5302aaf:   24 20 41 b8 bc 01 00 00 48 8d 15 d2 d1 52 00 48
0x00007ffae5302abf:   8b cf e8 3a 7d f5 ff 48 8d 4c 24 40 e8 a0 fd 28
0x00007ffae5302acf:   00 48 83 7d 00 00 74 13 49 8b d5 48 8b ce e8 0e
0x00007ffae5302adf:   ff d4 ff 48 8b cd e8 76 fe d4 ff 4c 8b ac 24 f0
0x00007ffae5302aef:   00 00 00 48 89 6e 10 48 8b ac 24 08 01 00 00 4c
0x00007ffae5302aff:   89 76 18 4c 8b b4 24 e8 00 00 00 4c 89 7e 20 4c
0x00007ffae5302b0f:   8b bc 24 e0 00 00 00 48 8b 9f f0 00 00 00 4c 8b
0x00007ffae5302b1f:   a4 24 f8 00 00 00 48 8b 43 10 48 8b 73 08 48 83
0x00007ffae5302b2f:   38 00 74 19 48 8b 53 28 48 8b ce e8 b1 fe d4 ff
0x00007ffae5302b3f:   48 8b 4b 10 e8 18 fe d4 ff 48 8b 43 10 48 89 46
0x00007ffae5302b4f:   10 48 8b 43 18 48 89 46 18 48 8b 43 20 48 8b 9c
0x00007ffae5302b5f:   24 38 01 00 00 48 89 46 20 83 bf 08 04 00 00 02
0x00007ffae5302b6f:   48 8b b4 24 00 01 00 00 75 08 48 8b cf e8 9f 72
0x00007ffae5302b7f:   3d 00 ba 06 00 00 00 48 8d 4c 24 30 44 8d 42 02 


Stack slot to memory mapping:
stack at sp + 0 slots: {method} {0x0000027771ae7968} 'getNextToken0' '()I' in 'org/eclipse/jdt/internal/compiler/parser/Scanner'
stack at sp + 1 slots: 0x00000000ec4d3510 is an unallocated location in the heap
stack at sp + 2 slots: 0x000000000000000d is an unknown value
stack at sp + 3 slots: 0x00000277663e5000 is a thread
stack at sp + 4 slots: {method} {0x0000027771c632c8} 'consumeClassBodyDeclarationsopt' '()V' in 'org/eclipse/jdt/internal/compiler/parser/Parser'
stack at sp + 5 slots: 0x00007ffae5562bb0 jvm.dll
stack at sp + 6 slots: 0x00000277663e5000 is a thread
stack at sp + 7 slots: 0x00000277663e5000 is a thread


---------------  P R O C E S S  ---------------

Threads class SMR info:
_java_thread_list=0x000002776652a090, length=22, elements={
0x000002774691e800, 0x0000027763a04800, 0x000002776296a800, 0x0000027763a56800,
0x000002776297a800, 0x0000027763a05000, 0x0000027763a07000, 0x0000027763a0b000,
0x0000027763a0c800, 0x0000027763b99800, 0x00000277659b6000, 0x0000027765cc2800,
0x00000277661ca000, 0x0000027765de8800, 0x0000027765d48800, 0x0000027765c85800,
0x0000027765ee4000, 0x00000277661dc000, 0x00000277663e2800, 0x000002776619c000,
0x00000277663c5000, 0x00000277663e5000
}

Java Threads: ( => current thread )
  0x000002774691e800 JavaThread "main" [_thread_blocked, id=13956, stack(0x00000093e1000000,0x00000093e1100000)]
  0x0000027763a04800 JavaThread "Reference Handler" daemon [_thread_blocked, id=9544, stack(0x00000093e1300000,0x00000093e1400000)]
  0x000002776296a800 JavaThread "Finalizer" daemon [_thread_blocked, id=14132, stack(0x00000093e1400000,0x00000093e1500000)]
  0x0000027763a56800 JavaThread "Signal Dispatcher" daemon [_thread_blocked, id=13092, stack(0x00000093e1500000,0x00000093e1600000)]
  0x000002776297a800 JavaThread "Attach Listener" daemon [_thread_blocked, id=4792, stack(0x00000093e1600000,0x00000093e1700000)]
  0x0000027763a05000 JavaThread "Service Thread" daemon [_thread_blocked, id=13640, stack(0x00000093e1700000,0x00000093e1800000)]
  0x0000027763a07000 JavaThread "C2 CompilerThread0" daemon [_thread_blocked, id=9792, stack(0x00000093e1800000,0x00000093e1900000)]
  0x0000027763a0b000 JavaThread "C1 CompilerThread0" daemon [_thread_blocked, id=18204, stack(0x00000093e1900000,0x00000093e1a00000)]
  0x0000027763a0c800 JavaThread "Sweeper thread" daemon [_thread_blocked, id=15440, stack(0x00000093e1a00000,0x00000093e1b00000)]
  0x0000027763b99800 JavaThread "Common-Cleaner" daemon [_thread_blocked, id=9984, stack(0x00000093e1b00000,0x00000093e1c00000)]
  0x00000277659b6000 JavaThread "Active Thread: Equinox Container: e78c39f6-56f8-4a42-a29b-0ea5a8371dc4" [_thread_blocked, id=11716, stack(0x00000093e1e00000,0x00000093e1f00000)]
  0x0000027765cc2800 JavaThread "Framework Event Dispatcher: Equinox Container: e78c39f6-56f8-4a42-a29b-0ea5a8371dc4" daemon [_thread_blocked, id=11404, stack(0x00000093e2000000,0x00000093e2100000)]
  0x00000277661ca000 JavaThread "Start Level: Equinox Container: e78c39f6-56f8-4a42-a29b-0ea5a8371dc4" daemon [_thread_blocked, id=10524, stack(0x00000093e2100000,0x00000093e2200000)]
  0x0000027765de8800 JavaThread "SCR Component Actor" daemon [_thread_blocked, id=16176, stack(0x00000093e2400000,0x00000093e2500000)]
  0x0000027765d48800 JavaThread "Timer-0" daemon [_thread_blocked, id=8684, stack(0x00000093e2500000,0x00000093e2600000)]
  0x0000027765c85800 JavaThread "Worker-JM" [_thread_blocked, id=11064, stack(0x00000093e2600000,0x00000093e2700000)]
  0x0000027765ee4000 JavaThread "Worker-0" [_thread_blocked, id=16636, stack(0x00000093e2900000,0x00000093e2a00000)]
  0x00000277661dc000 JavaThread "Worker-1" [_thread_blocked, id=18128, stack(0x00000093e2a00000,0x00000093e2b00000)]
  0x00000277663e2800 JavaThread "Worker-2" [_thread_blocked, id=13588, stack(0x00000093e3000000,0x00000093e3100000)]
  0x000002776619c000 JavaThread "C2 CompilerThread1" daemon [_thread_blocked, id=9784, stack(0x00000093e1c00000,0x00000093e1d00000)]
  0x00000277663c5000 JavaThread "C2 CompilerThread2" daemon [_thread_in_native, id=16984, stack(0x00000093e2f00000,0x00000093e3000000)]
=>0x00000277663e5000 JavaThread "pool-1-thread-1" [_thread_in_vm, id=15020, stack(0x00000093e3100000,0x00000093e3200000)]

Other Threads:
  0x0000027763a02800 VMThread "VM Thread" [stack: 0x00000093e1200000,0x00000093e1300000] [id=15120]
  0x0000027765234800 WatcherThread [stack: 0x00000093e1d00000,0x00000093e1e00000] [id=17580]
  0x0000027746938000 GCTaskThread "ParGC Thread#0" [stack: 0x00000093e1100000,0x00000093e1200000] [id=12300]
  0x00000277660cf000 GCTaskThread "ParGC Thread#1" [stack: 0x00000093e1f00000,0x00000093e2000000] [id=4568]
  0x0000027765b01000 GCTaskThread "ParGC Thread#2" [stack: 0x00000093e2200000,0x00000093e2300000] [id=17756]
  0x0000027765964800 GCTaskThread "ParGC Thread#3" [stack: 0x00000093e2300000,0x00000093e2400000] [id=5412]
  0x0000027766081800 GCTaskThread "ParGC Thread#4" [stack: 0x00000093e2700000,0x00000093e2800000] [id=5968]
  0x0000027766082000 GCTaskThread "ParGC Thread#5" [stack: 0x00000093e2800000,0x00000093e2900000] [id=3660]
  0x0000027766182800 GCTaskThread "ParGC Thread#6" [stack: 0x00000093e2b00000,0x00000093e2c00000] [id=8744]
  0x0000027766214000 GCTaskThread "ParGC Thread#7" [stack: 0x00000093e2c00000,0x00000093e2d00000] [id=13572]
  0x000002776616b800 GCTaskThread "ParGC Thread#8" [stack: 0x00000093e2d00000,0x00000093e2e00000] [id=18056]
  0x000002776616c000 GCTaskThread "ParGC Thread#9" [stack: 0x00000093e2e00000,0x00000093e2f00000] [id=9056]

Threads with active compile tasks:
C2 CompilerThread2   4210 3397       4       org.objectweb.asm.ClassReader::readMethod (1052 bytes)

VM state:not at safepoint (normal execution)

VM Mutex/Monitor currently owned by a thread: None

Heap address: 0x00000000c0000000, size: 1024 MB, Compressed Oops mode: 32-bit
Narrow klass base: 0x0000000000000000, Narrow klass shift: 3
Compressed class space size: 1073741824 Address: 0x0000000100000000

Heap:
 PSYoungGen      total 24064K, used 0K [0x00000000eab00000, 0x00000000ec480000, 0x0000000100000000)
  eden space 22016K, 0% used [0x00000000eab00000,0x00000000eab00000,0x00000000ec080000)
  from space 2048K, 0% used [0x00000000ec100000,0x00000000ec100000,0x00000000ec300000)
  to   space 1024K, 0% used [0x00000000ec380000,0x00000000ec380000,0x00000000ec480000)
 ParOldGen       total 68608K, used 24614K [0x00000000c0000000, 0x00000000c4300000, 0x00000000eab00000)
  object space 68608K, 35% used [0x00000000c0000000,0x00000000c1809898,0x00000000c4300000)
 Metaspace       used 33301K, capacity 35297K, committed 35416K, reserved 1081344K
  class space    used 3152K, capacity 3878K, committed 3968K, reserved 1048576K

Card table byte_map: [0x000002775fa10000,0x000002775fc20000] _byte_map_base: 0x000002775f410000

Marking Bits: (ParMarkBitMap*) 0x00007ffae5a2bcf0
 Begin Bits: [0x000002775fd80000, 0x0000027760d80000)
 End Bits:   [0x0000027760d80000, 0x0000027761d80000)

Polling page: 0x00000277466f0000

Metaspace:

Usage:
  Non-class:     30.68 MB capacity,    29.44 MB ( 96%) used,     1.17 MB (  4%) free+waste,    72.00 KB ( <1%) overhead. 
      Class:      3.79 MB capacity,     3.08 MB ( 81%) used,   690.49 KB ( 18%) free+waste,    34.69 KB ( <1%) overhead. 
       Both:     34.47 MB capacity,    32.52 MB ( 94%) used,     1.84 MB (  5%) free+waste,   106.69 KB ( <1%) overhead. 

Virtual space:
  Non-class space:       32.00 MB reserved,      30.71 MB ( 96%) committed 
      Class space:        1.00 GB reserved,       3.88 MB ( <1%) committed 
             Both:        1.03 GB reserved,      34.59 MB (  3%) committed 

Chunk freelists:
   Non-Class:  5.00 KB
       Class:  26.00 KB
        Both:  31.00 KB

MaxMetaspaceSize: 17179869184.00 GB
CompressedClassSpaceSize: 1.00 GB
Initial GC threshold: 20.80 MB
Current GC threshold: 57.64 MB
CDS: off

CodeHeap 'non-profiled nmethods': size=120000Kb used=1592Kb max_used=1592Kb free=118407Kb
 bounds [0x0000027758300000, 0x0000027758570000, 0x000002775f830000]
CodeHeap 'profiled nmethods': size=120000Kb used=7051Kb max_used=7051Kb free=112948Kb
 bounds [0x0000027750dd0000, 0x00000277514c0000, 0x0000027758300000]
CodeHeap 'non-nmethods': size=5760Kb used=1256Kb max_used=1298Kb free=4503Kb
 bounds [0x0000027750830000, 0x0000027750aa0000, 0x0000027750dd0000]
 total_blobs=3914 nmethods=3373 adapters=454
 compilation: enabled
              stopped_count=0, restarted_count=0
 full_count=0

Compilation events (20 events):
Event: 3.937 Thread 0x0000027763a0b000 nmethod 3413 0x000002775149d110 code [0x000002775149d360, 0x000002775149dd78]
Event: 3.937 Thread 0x0000027763a0b000 3412       3       org.objectweb.asm.MethodWriter::visitLineNumber (50 bytes)
Event: 3.938 Thread 0x0000027763a0b000 nmethod 3412 0x000002775149e110 code [0x000002775149e300, 0x000002775149e6d8]
Event: 3.938 Thread 0x0000027763a0b000 3414       3       java.util.regex.Pattern$GroupTail::match (111 bytes)
Event: 3.938 Thread 0x0000027763a0b000 nmethod 3414 0x000002775149e890 code [0x000002775149ea60, 0x000002775149ede8]
Event: 3.938 Thread 0x0000027763a0b000 3411       3       org.objectweb.asm.MethodVisitor::visitFieldInsn (20 bytes)
Event: 3.938 Thread 0x0000027763a0b000 nmethod 3411 0x000002775149f010 code [0x000002775149f1c0, 0x000002775149f3a8]
Event: 3.938 Thread 0x0000027763a0b000 3407       3       org.objectweb.asm.ClassReader::readShort (27 bytes)
Event: 3.938 Thread 0x0000027763a0b000 nmethod 3407 0x000002775149f490 code [0x000002775149f640, 0x000002775149f7b8]
Event: 3.938 Thread 0x0000027763a0b000 3410       3       org.objectweb.asm.ClassReader::createLabel (21 bytes)
Event: 3.939 Thread 0x0000027763a0b000 nmethod 3410 0x000002775149f890 code [0x000002775149fa60, 0x000002775149fe98]
Event: 3.946 Thread 0x0000027763a0b000 3415       3       org.objectweb.asm.SymbolTable::put (150 bytes)
Event: 3.946 Thread 0x0000027763a0b000 nmethod 3415 0x00000277514a0090 code [0x00000277514a0280, 0x00000277514a0978]
Event: 3.946 Thread 0x0000027763a0b000 3416       3       java.util.regex.Pattern$BranchConn::match (11 bytes)
Event: 3.946 Thread 0x0000027763a0b000 nmethod 3416 0x00000277514a0c90 code [0x00000277514a0e40, 0x00000277514a1008]
Event: 3.946 Thread 0x0000027763a0b000 3417   !   3       java.util.regex.Pattern::matcher (44 bytes)
Event: 3.946 Thread 0x0000027763a0b000 nmethod 3417 0x00000277514a1110 code [0x00000277514a12e0, 0x00000277514a16f8]
Event: 3.947 Thread 0x0000027763a0b000 3418       3       java.util.regex.Matcher::match (154 bytes)
Event: 3.947 Thread 0x0000027763a0b000 nmethod 3418 0x00000277514a1810 code [0x00000277514a1a20, 0x00000277514a2188]
Event: 3.947 Thread 0x0000027763a0b000 3419       3       java.net.URLStreamHandler::parseURL (1201 bytes)

GC Heap History (20 events):
Event: 3.424 GC heap before
{Heap before GC invocations=8 (full 1):
 PSYoungGen      total 26624K, used 26603K [0x00000000eab00000, 0x00000000eca00000, 0x0000000100000000)
  eden space 24064K, 100% used [0x00000000eab00000,0x00000000ec280000,0x00000000ec280000)
  from space 2560K, 99% used [0x00000000ec600000,0x00000000ec87ac88,0x00000000ec880000)
  to   space 3584K, 0% used [0x00000000ec280000,0x00000000ec280000,0x00000000ec600000)
 ParOldGen       total 68608K, used 6460K [0x00000000c0000000, 0x00000000c4300000, 0x00000000eab00000)
  object space 68608K, 9% used [0x00000000c0000000,0x00000000c064f338,0x00000000c4300000)
 Metaspace       used 30682K, capacity 32551K, committed 32640K, reserved 1079296K
  class space    used 2940K, capacity 3667K, committed 3712K, reserved 1048576K
}
Event: 3.430 GC heap after
{Heap after GC invocations=8 (full 1):
 PSYoungGen      total 27136K, used 3558K [0x00000000eab00000, 0x00000000ecb00000, 0x0000000100000000)
  eden space 23552K, 0% used [0x00000000eab00000,0x00000000eab00000,0x00000000ec200000)
  from space 3584K, 99% used [0x00000000ec280000,0x00000000ec5f9ba0,0x00000000ec600000)
  to   space 4608K, 0% used [0x00000000ec680000,0x00000000ec680000,0x00000000ecb00000)
 ParOldGen       total 68608K, used 6902K [0x00000000c0000000, 0x00000000c4300000, 0x00000000eab00000)
  object space 68608K, 10% used [0x00000000c0000000,0x00000000c06bdb48,0x00000000c4300000)
 Metaspace       used 30682K, capacity 32551K, committed 32640K, reserved 1079296K
  class space    used 2940K, capacity 3667K, committed 3712K, reserved 1048576K
}
Event: 3.515 GC heap before
{Heap before GC invocations=9 (full 1):
 PSYoungGen      total 27136K, used 27110K [0x00000000eab00000, 0x00000000ecb00000, 0x0000000100000000)
  eden space 23552K, 100% used [0x00000000eab00000,0x00000000ec200000,0x00000000ec200000)
  from space 3584K, 99% used [0x00000000ec280000,0x00000000ec5f9ba0,0x00000000ec600000)
  to   space 4608K, 0% used [0x00000000ec680000,0x00000000ec680000,0x00000000ecb00000)
 ParOldGen       total 68608K, used 6902K [0x00000000c0000000, 0x00000000c4300000, 0x00000000eab00000)
  object space 68608K, 10% used [0x00000000c0000000,0x00000000c06bdb48,0x00000000c4300000)
 Metaspace       used 31088K, capacity 32933K, committed 33152K, reserved 1079296K
  class space    used 2995K, capacity 3709K, committed 3712K, reserved 1048576K
}
Event: 3.519 GC heap after
{Heap after GC invocations=9 (full 1):
 PSYoungGen      total 26624K, used 4585K [0x00000000eab00000, 0x00000000ecd80000, 0x0000000100000000)
  eden space 22016K, 0% used [0x00000000eab00000,0x00000000eab00000,0x00000000ec080000)
  from space 4608K, 99% used [0x00000000ec680000,0x00000000ecafa4a8,0x00000000ecb00000)
  to   space 6144K, 0% used [0x00000000ec080000,0x00000000ec080000,0x00000000ec680000)
 ParOldGen       total 68608K, used 7987K [0x00000000c0000000, 0x00000000c4300000, 0x00000000eab00000)
  object space 68608K, 11% used [0x00000000c0000000,0x00000000c07ccea0,0x00000000c4300000)
 Metaspace       used 31088K, capacity 32933K, committed 33152K, reserved 1079296K
  class space    used 2995K, capacity 3709K, committed 3712K, reserved 1048576K
}
Event: 3.567 GC heap before
{Heap before GC invocations=10 (full 1):
 PSYoungGen      total 26624K, used 26601K [0x00000000eab00000, 0x00000000ecd80000, 0x0000000100000000)
  eden space 22016K, 100% used [0x00000000eab00000,0x00000000ec080000,0x00000000ec080000)
  from space 4608K, 99% used [0x00000000ec680000,0x00000000ecafa4a8,0x00000000ecb00000)
  to   space 6144K, 0% used [0x00000000ec080000,0x00000000ec080000,0x00000000ec680000)
 ParOldGen       total 68608K, used 7987K [0x00000000c0000000, 0x00000000c4300000, 0x00000000eab00000)
  object space 68608K, 11% used [0x00000000c0000000,0x00000000c07ccea0,0x00000000c4300000)
 Metaspace       used 31120K, capacity 32997K, committed 33152K, reserved 1079296K
  class space    used 2995K, capacity 3709K, committed 3712K, reserved 1048576K
}
Event: 3.571 GC heap after
{Heap after GC invocations=10 (full 1):
 PSYoungGen      total 27136K, used 4814K [0x00000000eab00000, 0x00000000eca80000, 0x0000000100000000)
  eden space 22016K, 0% used [0x00000000eab00000,0x00000000eab00000,0x00000000ec080000)
  from space 5120K, 94% used [0x00000000ec080000,0x00000000ec533be0,0x00000000ec580000)
  to   space 5120K, 0% used [0x00000000ec580000,0x00000000ec580000,0x00000000eca80000)
 ParOldGen       total 68608K, used 9862K [0x00000000c0000000, 0x00000000c4300000, 0x00000000eab00000)
  object space 68608K, 14% used [0x00000000c0000000,0x00000000c09a1be0,0x00000000c4300000)
 Metaspace       used 31120K, capacity 32997K, committed 33152K, reserved 1079296K
  class space    used 2995K, capacity 3709K, committed 3712K, reserved 1048576K
}
Event: 3.630 GC heap before
{Heap before GC invocations=11 (full 1):
 PSYoungGen      total 27136K, used 26830K [0x00000000eab00000, 0x00000000eca80000, 0x0000000100000000)
  eden space 22016K, 100% used [0x00000000eab00000,0x00000000ec080000,0x00000000ec080000)
  from space 5120K, 94% used [0x00000000ec080000,0x00000000ec533be0,0x00000000ec580000)
  to   space 5120K, 0% used [0x00000000ec580000,0x00000000ec580000,0x00000000eca80000)
 ParOldGen       total 68608K, used 9862K [0x00000000c0000000, 0x00000000c4300000, 0x00000000eab00000)
  object space 68608K, 14% used [0x00000000c0000000,0x00000000c09a1be0,0x00000000c4300000)
 Metaspace       used 31294K, capacity 33125K, committed 33152K, reserved 1079296K
  class space    used 3008K, capacity 3709K, committed 3712K, reserved 1048576K
}
Event: 3.634 GC heap after
{Heap after GC invocations=11 (full 1):
 PSYoungGen      total 27136K, used 4594K [0x00000000eab00000, 0x00000000eca80000, 0x0000000100000000)
  eden space 22016K, 0% used [0x00000000eab00000,0x00000000eab00000,0x00000000ec080000)
  from space 5120K, 89% used [0x00000000ec580000,0x00000000ec9fcb38,0x00000000eca80000)
  to   space 5120K, 0% used [0x00000000ec080000,0x00000000ec080000,0x00000000ec580000)
 ParOldGen       total 68608K, used 12568K [0x00000000c0000000, 0x00000000c4300000, 0x00000000eab00000)
  object space 68608K, 18% used [0x00000000c0000000,0x00000000c0c46050,0x00000000c4300000)
 Metaspace       used 31294K, capacity 33125K, committed 33152K, reserved 1079296K
  class space    used 3008K, capacity 3709K, committed 3712K, reserved 1048576K
}
Event: 3.667 GC heap before
{Heap before GC invocations=12 (full 1):
 PSYoungGen      total 27136K, used 26610K [0x00000000eab00000, 0x00000000eca80000, 0x0000000100000000)
  eden space 22016K, 100% used [0x00000000eab00000,0x00000000ec080000,0x00000000ec080000)
  from space 5120K, 89% used [0x00000000ec580000,0x00000000ec9fcb38,0x00000000eca80000)
  to   space 5120K, 0% used [0x00000000ec080000,0x00000000ec080000,0x00000000ec580000)
 ParOldGen       total 68608K, used 12568K [0x00000000c0000000, 0x00000000c4300000, 0x00000000eab00000)
  object space 68608K, 18% used [0x00000000c0000000,0x00000000c0c46050,0x00000000c4300000)
 Metaspace       used 31295K, capacity 33125K, committed 33152K, reserved 1079296K
  class space    used 3008K, capacity 3709K, committed 3712K, reserved 1048576K
}
Event: 3.672 GC heap after
{Heap after GC invocations=12 (full 1):
 PSYoungGen      total 24576K, used 2176K [0x00000000eab00000, 0x00000000ec780000, 0x0000000100000000)
  eden space 22016K, 0% used [0x00000000eab00000,0x00000000eab00000,0x00000000ec080000)
  from space 2560K, 85% used [0x00000000ec080000,0x00000000ec2a0000,0x00000000ec300000)
  to   space 3584K, 0% used [0x00000000ec400000,0x00000000ec400000,0x00000000ec780000)
 ParOldGen       total 68608K, used 17043K [0x00000000c0000000, 0x00000000c4300000, 0x00000000eab00000)
  object space 68608K, 24% used [0x00000000c0000000,0x00000000c10a4ca8,0x00000000c4300000)
 Metaspace       used 31295K, capacity 33125K, committed 33152K, reserved 1079296K
  class space    used 3008K, capacity 3709K, committed 3712K, reserved 1048576K
}
Event: 3.704 GC heap before
{Heap before GC invocations=13 (full 1):
 PSYoungGen      total 24576K, used 24192K [0x00000000eab00000, 0x00000000ec780000, 0x0000000100000000)
  eden space 22016K, 100% used [0x00000000eab00000,0x00000000ec080000,0x00000000ec080000)
  from space 2560K, 85% used [0x00000000ec080000,0x00000000ec2a0000,0x00000000ec300000)
  to   space 3584K, 0% used [0x00000000ec400000,0x00000000ec400000,0x00000000ec780000)
 ParOldGen       total 68608K, used 17043K [0x00000000c0000000, 0x00000000c4300000, 0x00000000eab00000)
  object space 68608K, 24% used [0x00000000c0000000,0x00000000c10a4ca8,0x00000000c4300000)
 Metaspace       used 31295K, capacity 33125K, committed 33152K, reserved 1079296K
  class space    used 3008K, capacity 3709K, committed 3712K, reserved 1048576K
}
Event: 3.707 GC heap after
{Heap after GC invocations=13 (full 1):
 PSYoungGen      total 25088K, used 2592K [0x00000000eab00000, 0x00000000ec700000, 0x0000000100000000)
  eden space 22016K, 0% used [0x00000000eab00000,0x00000000eab00000,0x00000000ec080000)
  from space 3072K, 84% used [0x00000000ec400000,0x00000000ec688010,0x00000000ec700000)
  to   space 3072K, 0% used [0x00000000ec100000,0x00000000ec100000,0x00000000ec400000)
 ParOldGen       total 68608K, used 19179K [0x00000000c0000000, 0x00000000c4300000, 0x00000000eab00000)
  object space 68608K, 27% used [0x00000000c0000000,0x00000000c12baca8,0x00000000c4300000)
 Metaspace       used 31295K, capacity 33125K, committed 33152K, reserved 1079296K
  class space    used 3008K, capacity 3709K, committed 3712K, reserved 1048576K
}
Event: 3.765 GC heap before
{Heap before GC invocations=14 (full 1):
 PSYoungGen      total 25088K, used 24608K [0x00000000eab00000, 0x00000000ec700000, 0x0000000100000000)
  eden space 22016K, 100% used [0x00000000eab00000,0x00000000ec080000,0x00000000ec080000)
  from space 3072K, 84% used [0x00000000ec400000,0x00000000ec688010,0x00000000ec700000)
  to   space 3072K, 0% used [0x00000000ec100000,0x00000000ec100000,0x00000000ec400000)
 ParOldGen       total 68608K, used 19179K [0x00000000c0000000, 0x00000000c4300000, 0x00000000eab00000)
  object space 68608K, 27% used [0x00000000c0000000,0x00000000c12baca8,0x00000000c4300000)
 Metaspace       used 31388K, capacity 33230K, committed 33536K, reserved 1079296K
  class space    used 3016K, capacity 3744K, committed 3840K, reserved 1048576K
}
Event: 3.770 GC heap after
{Heap after GC invocations=14 (full 1):
 PSYoungGen      total 25088K, used 2848K [0x00000000eab00000, 0x00000000ec680000, 0x0000000100000000)
  eden space 22016K, 0% used [0x00000000eab00000,0x00000000eab00000,0x00000000ec080000)
  from space 3072K, 92% used [0x00000000ec100000,0x00000000ec3c8000,0x00000000ec400000)
  to   space 2560K, 0% used [0x00000000ec400000,0x00000000ec400000,0x00000000ec680000)
 ParOldGen       total 68608K, used 21697K [0x00000000c0000000, 0x00000000c4300000, 0x00000000eab00000)
  object space 68608K, 31% used [0x00000000c0000000,0x00000000c1530538,0x00000000c4300000)
 Metaspace       used 31388K, capacity 33230K, committed 33536K, reserved 1079296K
  class space    used 3016K, capacity 3744K, committed 3840K, reserved 1048576K
}
Event: 3.948 GC heap before
{Heap before GC invocations=15 (full 1):
 PSYoungGen      total 25088K, used 24864K [0x00000000eab00000, 0x00000000ec680000, 0x0000000100000000)
  eden space 22016K, 100% used [0x00000000eab00000,0x00000000ec080000,0x00000000ec080000)
  from space 3072K, 92% used [0x00000000ec100000,0x00000000ec3c8000,0x00000000ec400000)
  to   space 2560K, 0% used [0x00000000ec400000,0x00000000ec400000,0x00000000ec680000)
 ParOldGen       total 68608K, used 21697K [0x00000000c0000000, 0x00000000c4300000, 0x00000000eab00000)
  object space 68608K, 31% used [0x00000000c0000000,0x00000000c1530538,0x00000000c4300000)
 Metaspace       used 33140K, capacity 35073K, committed 35200K, reserved 1081344K
  class space    used 3130K, capacity 3846K, committed 3968K, reserved 1048576K
}
Event: 3.951 GC heap after
{Heap after GC invocations=15 (full 1):
 PSYoungGen      total 23040K, used 1002K [0x00000000eab00000, 0x00000000ec500000, 0x0000000100000000)
  eden space 22016K, 0% used [0x00000000eab00000,0x00000000eab00000,0x00000000ec080000)
  from space 1024K, 97% used [0x00000000ec400000,0x00000000ec4faaf8,0x00000000ec500000)
  to   space 2048K, 0% used [0x00000000ec100000,0x00000000ec100000,0x00000000ec300000)
 ParOldGen       total 68608K, used 24446K [0x00000000c0000000, 0x00000000c4300000, 0x00000000eab00000)
  object space 68608K, 35% used [0x00000000c0000000,0x00000000c17df890,0x00000000c4300000)
 Metaspace       used 33140K, capacity 35073K, committed 35200K, reserved 1081344K
  class space    used 3130K, capacity 3846K, committed 3968K, reserved 1048576K
}
Event: 3.961 GC heap before
{Heap before GC invocations=16 (full 1):
 PSYoungGen      total 23040K, used 2004K [0x00000000eab00000, 0x00000000ec500000, 0x0000000100000000)
  eden space 22016K, 4% used [0x00000000eab00000,0x00000000eabfa780,0x00000000ec080000)
  from space 1024K, 97% used [0x00000000ec400000,0x00000000ec4faaf8,0x00000000ec500000)
  to   space 2048K, 0% used [0x00000000ec100000,0x00000000ec100000,0x00000000ec300000)
 ParOldGen       total 68608K, used 24446K [0x00000000c0000000, 0x00000000c4300000, 0x00000000eab00000)
  object space 68608K, 35% used [0x00000000c0000000,0x00000000c17df890,0x00000000c4300000)
 Metaspace       used 33301K, capacity 35297K, committed 35416K, reserved 1081344K
  class space    used 3152K, capacity 3878K, committed 3968K, reserved 1048576K
}
Event: 3.962 GC heap after
{Heap after GC invocations=16 (full 1):
 PSYoungGen      total 24064K, used 256K [0x00000000eab00000, 0x00000000ec480000, 0x0000000100000000)
  eden space 22016K, 0% used [0x00000000eab00000,0x00000000eab00000,0x00000000ec080000)
  from space 2048K, 12% used [0x00000000ec100000,0x00000000ec140000,0x00000000ec300000)
  to   space 1024K, 0% used [0x00000000ec380000,0x00000000ec380000,0x00000000ec480000)
 ParOldGen       total 68608K, used 25318K [0x00000000c0000000, 0x00000000c4300000, 0x00000000eab00000)
  object space 68608K, 36% used [0x00000000c0000000,0x00000000c18b9878,0x00000000c4300000)
 Metaspace       used 33301K, capacity 35297K, committed 35416K, reserved 1081344K
  class space    used 3152K, capacity 3878K, committed 3968K, reserved 1048576K
}
Event: 3.962 GC heap before
{Heap before GC invocations=17 (full 2):
 PSYoungGen      total 24064K, used 256K [0x00000000eab00000, 0x00000000ec480000, 0x0000000100000000)
  eden space 22016K, 0% used [0x00000000eab00000,0x00000000eab00000,0x00000000ec080000)
  from space 2048K, 12% used [0x00000000ec100000,0x00000000ec140000,0x00000000ec300000)
  to   space 1024K, 0% used [0x00000000ec380000,0x00000000ec380000,0x00000000ec480000)
 ParOldGen       total 68608K, used 25318K [0x00000000c0000000, 0x00000000c4300000, 0x00000000eab00000)
  object space 68608K, 36% used [0x00000000c0000000,0x00000000c18b9878,0x00000000c4300000)
 Metaspace       used 33301K, capacity 35297K, committed 35416K, reserved 1081344K
  class space    used 3152K, capacity 3878K, committed 3968K, reserved 1048576K
}
Event: 4.122 GC heap after
{Heap after GC invocations=17 (full 2):
 PSYoungGen      total 24064K, used 0K [0x00000000eab00000, 0x00000000ec480000, 0x0000000100000000)
  eden space 22016K, 0% used [0x00000000eab00000,0x00000000eab00000,0x00000000ec080000)
  from space 2048K, 0% used [0x00000000ec100000,0x00000000ec100000,0x00000000ec300000)
  to   space 1024K, 0% used [0x00000000ec380000,0x00000000ec380000,0x00000000ec480000)
 ParOldGen       total 68608K, used 24614K [0x00000000c0000000, 0x00000000c4300000, 0x00000000eab00000)
  object space 68608K, 35% used [0x00000000c0000000,0x00000000c1809898,0x00000000c4300000)
 Metaspace       used 33301K, capacity 35297K, committed 35416K, reserved 1081344K
  class space    used 3152K, capacity 3878K, committed 3968K, reserved 1048576K
}

Deoptimization events (20 events):
Event: 3.796 Thread 0x00000277663e5000 Uncommon trap: trap_request=0xffffff4d fr.pc=0x00000277583335f0 relative=0x0000000000000490
Event: 3.796 Thread 0x00000277663e5000 Uncommon trap: reason=unstable_if action=reinterpret pc=0x00000277583335f0 method=java.util.HashMap$HashIterator.<init>(Ljava/util/HashMap;)V @ 45 c2
Event: 3.796 Thread 0x00000277663e5000 DEOPT PACKING pc=0x00000277583335f0 sp=0x00000093e31fde50
Event: 3.796 Thread 0x00000277663e5000 DEOPT UNPACKING pc=0x000002775087a1af sp=0x00000093e31fdcc0 mode 2
Event: 3.829 Thread 0x00000277663e5000 Uncommon trap: trap_request=0xffffff4d fr.pc=0x0000027758409254 relative=0x0000000000000d54
Event: 3.829 Thread 0x00000277663e5000 Uncommon trap: reason=unstable_if action=reinterpret pc=0x0000027758409254 method=java.util.Properties$LineReader.readLine()I @ 295 c2
Event: 3.829 Thread 0x00000277663e5000 DEOPT PACKING pc=0x0000027758409254 sp=0x00000093e31fcf20
Event: 3.829 Thread 0x00000277663e5000 DEOPT UNPACKING pc=0x000002775087a1af sp=0x00000093e31fceb0 mode 2
Event: 3.834 Thread 0x00000277663e5000 DEOPT PACKING pc=0x000002775145714e sp=0x00000093e31fced0
Event: 3.834 Thread 0x00000277663e5000 DEOPT UNPACKING pc=0x000002775087a95e sp=0x00000093e31fc3b0 mode 0
Event: 3.841 Thread 0x00000277663e5000 DEOPT PACKING pc=0x0000027750e5c893 sp=0x00000093e31f5e50
Event: 3.841 Thread 0x00000277663e5000 DEOPT UNPACKING pc=0x000002775087a95e sp=0x00000093e31f5390 mode 0
Event: 3.896 Thread 0x00000277663e5000 DEOPT PACKING pc=0x000002775145714e sp=0x00000093e31fcb50
Event: 3.896 Thread 0x00000277663e5000 DEOPT UNPACKING pc=0x000002775087a95e sp=0x00000093e31fc030 mode 0
Event: 3.897 Thread 0x00000277663e5000 DEOPT PACKING pc=0x000002775145714e sp=0x00000093e31fcb50
Event: 3.897 Thread 0x00000277663e5000 DEOPT UNPACKING pc=0x000002775087a95e sp=0x00000093e31fc030 mode 0
Event: 3.935 Thread 0x00000277663e5000 Uncommon trap: trap_request=0xffffff4d fr.pc=0x000002775847f6a0 relative=0x00000000000002e0
Event: 3.935 Thread 0x00000277663e5000 Uncommon trap: reason=unstable_if action=reinterpret pc=0x000002775847f6a0 method=org.objectweb.asm.Label.resolve([BI)Z @ 80 c2
Event: 3.935 Thread 0x00000277663e5000 DEOPT PACKING pc=0x000002775847f6a0 sp=0x00000093e31fa6d0
Event: 3.935 Thread 0x00000277663e5000 DEOPT UNPACKING pc=0x000002775087a1af sp=0x00000093e31fa5d0 mode 2

Classes redefined (0 events):
No events

Internal exceptions (20 events):
Event: 1.723 Thread 0x00000277661ca000 Exception <a 'java/lang/NoSuchMethodError'{0x00000000eb07ee98}: 'java.lang.Object java.lang.invoke.DirectMethodHandle$Holder.invokeSpecial(java.lang.Object, java.lang.Object, int, int, java.lang.Object, java.lang.Object, java.lang.Object)'> (0x00000000eb07ee98) thrown at [./src/hotspot/share/interpreter/linkResolver.cpp, line 773]
Event: 1.723 Thread 0x00000277661ca000 Exception <a 'java/lang/NoSuchMethodError'{0x00000000eb082428}: 'java.lang.Object java.lang.invoke.DelegatingMethodHandle$Holder.reinvoke_L(java.lang.Object, int, int, java.lang.Object, java.lang.Object, java.lang.Object)'> (0x00000000eb082428) thrown at [./src/hotspot/share/interpreter/linkResolver.cpp, line 773]
Event: 1.823 Thread 0x00000277661ca000 Exception <a 'java/io/FileNotFoundException'{0x00000000ebadc8a0}> (0x00000000ebadc8a0) thrown at [./src/hotspot/share/prims/jni.cpp, line 615]
Event: 2.063 Thread 0x00000277661ca000 Exception <a 'java/lang/NoSuchMethodError'{0x00000000eae40018}: 'void java.lang.invoke.DirectMethodHandle$Holder.invokeSpecial(java.lang.Object, java.lang.Object, java.lang.Object, java.lang.Object)'> (0x00000000eae40018) thrown at [./src/hotspot/share/interpreter/linkResolver.cpp, line 773]
Event: 2.071 Thread 0x00000277661ca000 Exception <a 'java/io/FileNotFoundException'{0x00000000eae99f18}> (0x00000000eae99f18) thrown at [./src/hotspot/share/prims/jni.cpp, line 615]
Event: 2.236 Thread 0x00000277661ca000 Exception <a 'java/lang/NoSuchMethodError'{0x00000000eae98cc8}: 'int java.lang.invoke.DirectMethodHandle$Holder.invokeStaticInit(java.lang.Object, java.lang.Object, java.lang.Object)'> (0x00000000eae98cc8) thrown at [./src/hotspot/share/interpreter/linkResolver.cpp, line 773]
Event: 2.245 Thread 0x00000277661ca000 Exception <a 'java/lang/IncompatibleClassChangeError'{0x00000000eaf29480}: Found class java.lang.Object, but interface was expected> (0x00000000eaf29480) thrown at [./src/hotspot/share/interpreter/linkResolver.cpp, line 839]
Event: 2.384 Thread 0x00000277661ca000 Exception <a 'java/lang/ClassNotFoundException'{0x00000000eac602b0}: com/sun/org/apache/xerces/internal/impl/msg/spi/DOMMessagesProvider> (0x00000000eac602b0) thrown at [./src/hotspot/share/classfile/systemDictionary.cpp, line 231]
Event: 2.385 Thread 0x00000277661ca000 Implicit null exception at 0x00000277583cd409 to 0x00000277583ce15c
Event: 2.386 Thread 0x00000277661ca000 Exception <a 'java/lang/ClassNotFoundException'{0x00000000eac8b968}: com/sun/org/apache/xerces/internal/impl/msg/spi/XMLSerializerMessagesProvider> (0x00000000eac8b968) thrown at [./src/hotspot/share/classfile/systemDictionary.cpp, line 231]
Event: 2.386 Thread 0x00000277661ca000 Exception <a 'java/lang/ClassNotFoundException'{0x00000000eac974d8}: com/sun/org/apache/xerces/internal/impl/msg/spi/XMLMessagesProvider> (0x00000000eac974d8) thrown at [./src/hotspot/share/classfile/systemDictionary.cpp, line 231]
Event: 2.953 Thread 0x00000277661ca000 Exception <a 'java/lang/ClassNotFoundException'{0x00000000eb255f08}: com/sun/org/apache/xml/internal/serializer/spi/XMLEntitiesProvider> (0x00000000eb255f08) thrown at [./src/hotspot/share/classfile/systemDictionary.cpp, line 231]
Event: 3.029 Thread 0x00000277661ca000 Exception <a 'java/io/FileNotFoundException'{0x00000000eb69b9c8}> (0x00000000eb69b9c8) thrown at [./src/hotspot/share/prims/jni.cpp, line 615]
Event: 3.035 Thread 0x00000277661ca000 Exception <a 'java/io/FileNotFoundException'{0x00000000eb706d20}> (0x00000000eb706d20) thrown at [./src/hotspot/share/prims/jni.cpp, line 615]
Event: 3.041 Thread 0x00000277661ca000 Exception <a 'java/io/FileNotFoundException'{0x00000000eb77c1b0}> (0x00000000eb77c1b0) thrown at [./src/hotspot/share/prims/jni.cpp, line 615]
Event: 3.224 Thread 0x00000277663e5000 Exception <a 'java/io/FileNotFoundException'{0x00000000eaf73398}> (0x00000000eaf73398) thrown at [./src/hotspot/share/prims/jni.cpp, line 615]
Event: 3.479 Thread 0x00000277661dc000 Exception <a 'java/io/FileNotFoundException'{0x00000000eb2d6348}> (0x00000000eb2d6348) thrown at [./src/hotspot/share/prims/jni.cpp, line 615]
Event: 3.479 Thread 0x00000277661dc000 Exception <a 'java/io/FileNotFoundException'{0x00000000eb2d7f48}> (0x00000000eb2d7f48) thrown at [./src/hotspot/share/prims/jni.cpp, line 615]
Event: 3.481 Thread 0x00000277661dc000 Exception <a 'java/lang/NoSuchMethodError'{0x00000000eb2eb8a0}: 'void java.lang.invoke.DirectMethodHandle$Holder.invokeStaticInit(java.lang.Object, java.lang.Object, java.lang.Object)'> (0x00000000eb2eb8a0) thrown at [./src/hotspot/share/interpreter/linkResolver.cpp, line 773]
Event: 3.793 Thread 0x00000277663e5000 Exception <a 'java/lang/NoSuchMethodError'{0x00000000eac41ce0}: 'java.lang.Object java.lang.invoke.DirectMethodHandle$Holder.invokeInterface(java.lang.Object, java.lang.Object, java.lang.Object)'> (0x00000000eac41ce0) thrown at [./src/hotspot/share/interpreter/linkResolver.cpp, line 773]

Events (20 events):
Event: 3.816 Executing VM operation: RevokeBias
Event: 3.816 Executing VM operation: RevokeBias done
Event: 3.821 Executing VM operation: RevokeBias
Event: 3.821 Executing VM operation: RevokeBias done
Event: 3.822 Executing VM operation: RevokeBias
Event: 3.822 Executing VM operation: RevokeBias done
Event: 3.823 Executing VM operation: RevokeBias
Event: 3.823 Executing VM operation: RevokeBias done
Event: 3.829 loading class org/eclipse/jdt/internal/compiler/problem/messages
Event: 3.829 loading class org/eclipse/jdt/internal/compiler/problem/messages done
Event: 3.834 loading class org/eclipse/jdt/internal/compiler/problem/messages_en
Event: 3.834 loading class org/eclipse/jdt/internal/compiler/problem/messages_en done
Event: 3.835 loading class org/eclipse/jdt/internal/compiler/problem/messages_en_GB
Event: 3.835 loading class org/eclipse/jdt/internal/compiler/problem/messages_en_GB done
Event: 3.948 Executing VM operation: ParallelGCFailedAllocation
Event: 3.951 Executing VM operation: ParallelGCFailedAllocation done
Event: 3.955 Executing VM operation: Deoptimize
Event: 3.955 Executing VM operation: Deoptimize done
Event: 3.961 Executing VM operation: CollectForMetadataAllocation
Event: 4.122 Executing VM operation: CollectForMetadataAllocation done


Dynamic libraries:
0x00007ff636270000 - 0x00007ff63627d000 	C:\Program Files\Eclipse Foundation\jdk-11.0.12.7-hotspot\bin\java.exe
0x00007ffb437d0000 - 0x00007ffb439c5000 	C:\WINDOWS\SYSTEM32\ntdll.dll
0x00007ffb42570000 - 0x00007ffb4262e000 	C:\WINDOWS\System32\KERNEL32.DLL
0x00007ffb41550000 - 0x00007ffb41819000 	C:\WINDOWS\System32\KERNELBASE.dll
0x00007ffb40ef0000 - 0x00007ffb40ff0000 	C:\WINDOWS\System32\ucrtbase.dll
0x00007ffb39dd0000 - 0x00007ffb39de5000 	C:\Program Files\Eclipse Foundation\jdk-11.0.12.7-hotspot\bin\VCRUNTIME140.dll
0x00007ffb3ad00000 - 0x00007ffb3ad17000 	C:\Program Files\Eclipse Foundation\jdk-11.0.12.7-hotspot\bin\jli.dll
0x00007ffb427c0000 - 0x00007ffb42961000 	C:\WINDOWS\System32\USER32.dll
0x00007ffb28800000 - 0x00007ffb28a9a000 	C:\WINDOWS\WinSxS\amd64_microsoft.windows.common-controls_6595b64144ccf1df_6.0.19041.1110_none_60b5254171f9507e\COMCTL32.dll
0x00007ffb412a0000 - 0x00007ffb412c2000 	C:\WINDOWS\System32\win32u.dll
0x00007ffb42aa0000 - 0x00007ffb42b3e000 	C:\WINDOWS\System32\msvcrt.dll
0x00007ffb42630000 - 0x00007ffb4265b000 	C:\WINDOWS\System32\GDI32.dll
0x00007ffb41390000 - 0x00007ffb4149b000 	C:\WINDOWS\System32\gdi32full.dll
0x00007ffb41200000 - 0x00007ffb4129d000 	C:\WINDOWS\System32\msvcp_win.dll
0x00007ffb42f70000 - 0x00007ffb42fa0000 	C:\WINDOWS\System32\IMM32.DLL
0x00007ffaeed30000 - 0x00007ffaeedcb000 	C:\Program Files\Eclipse Foundation\jdk-11.0.12.7-hotspot\bin\msvcp140.dll
0x00007ffae4f90000 - 0x00007ffae5ae9000 	C:\Program Files\Eclipse Foundation\jdk-11.0.12.7-hotspot\bin\server\jvm.dll
0x00007ffb42990000 - 0x00007ffb42a3c000 	C:\WINDOWS\System32\ADVAPI32.dll
0x00007ffb42720000 - 0x00007ffb427bb000 	C:\WINDOWS\System32\sechost.dll
0x00007ffb42360000 - 0x00007ffb4248a000 	C:\WINDOWS\System32\RPCRT4.dll
0x00007ffb41820000 - 0x00007ffb41828000 	C:\WINDOWS\System32\PSAPI.DLL
0x00007ffb39a60000 - 0x00007ffb39a6a000 	C:\WINDOWS\SYSTEM32\VERSION.dll
0x00007ffb206e0000 - 0x00007ffb206e9000 	C:\WINDOWS\SYSTEM32\WSOCK32.dll
0x00007ffb310b0000 - 0x00007ffb310d7000 	C:\WINDOWS\SYSTEM32\WINMM.dll
0x00007ffb42ea0000 - 0x00007ffb42f0b000 	C:\WINDOWS\System32\WS2_32.dll
0x00007ffb3f730000 - 0x00007ffb3f742000 	C:\WINDOWS\SYSTEM32\kernel.appcore.dll
0x00007ffb3c3d0000 - 0x00007ffb3c3e0000 	C:\Program Files\Eclipse Foundation\jdk-11.0.12.7-hotspot\bin\verify.dll
0x00007ffb3ed50000 - 0x00007ffb3ef34000 	C:\WINDOWS\SYSTEM32\DBGHELP.DLL
0x00007ffb1a530000 - 0x00007ffb1a55c000 	C:\WINDOWS\SYSTEM32\dbgcore.DLL
0x00007ffb41300000 - 0x00007ffb41383000 	C:\WINDOWS\System32\bcryptPrimitives.dll
0x00007ffb39da0000 - 0x00007ffb39dc8000 	C:\Program Files\Eclipse Foundation\jdk-11.0.12.7-hotspot\bin\java.dll
0x00007ffb39d90000 - 0x00007ffb39d9a000 	C:\Program Files\Eclipse Foundation\jdk-11.0.12.7-hotspot\bin\jimage.dll
0x00007ffb33400000 - 0x00007ffb3340e000 	C:\Program Files\Eclipse Foundation\jdk-11.0.12.7-hotspot\bin\instrument.dll
0x00007ffb32d20000 - 0x00007ffb32d37000 	C:\Program Files\Eclipse Foundation\jdk-11.0.12.7-hotspot\bin\zip.dll
0x00007ffb42fa0000 - 0x00007ffb436df000 	C:\WINDOWS\System32\SHELL32.dll
0x00007ffb3ef90000 - 0x00007ffb3f720000 	C:\WINDOWS\SYSTEM32\windows.storage.dll
0x00007ffb42b40000 - 0x00007ffb42e95000 	C:\WINDOWS\System32\combase.dll
0x00007ffb40940000 - 0x00007ffb4096c000 	C:\WINDOWS\SYSTEM32\Wldp.dll
0x00007ffb436e0000 - 0x00007ffb4378d000 	C:\WINDOWS\System32\SHCORE.dll
0x00007ffb42660000 - 0x00007ffb426b5000 	C:\WINDOWS\System32\shlwapi.dll
0x00007ffb40e30000 - 0x00007ffb40e4f000 	C:\WINDOWS\SYSTEM32\profapi.dll
0x00007ffb328c0000 - 0x00007ffb328d9000 	C:\Program Files\Eclipse Foundation\jdk-11.0.12.7-hotspot\bin\net.dll
0x00007ffb3b530000 - 0x00007ffb3b638000 	C:\WINDOWS\SYSTEM32\WINHTTP.dll
0x00007ffb406a0000 - 0x00007ffb4070a000 	C:\WINDOWS\system32\mswsock.dll
0x00007ffb328a0000 - 0x00007ffb328b2000 	C:\Program Files\Eclipse Foundation\jdk-11.0.12.7-hotspot\bin\nio.dll
0x00007ffb40890000 - 0x00007ffb408a8000 	C:\WINDOWS\SYSTEM32\CRYPTSP.dll
0x00007ffb3ff70000 - 0x00007ffb3ffa4000 	C:\WINDOWS\system32\rsaenh.dll
0x00007ffb412d0000 - 0x00007ffb412f7000 	C:\WINDOWS\System32\bcrypt.dll
0x00007ffb40df0000 - 0x00007ffb40e1e000 	C:\WINDOWS\SYSTEM32\USERENV.dll
0x00007ffb408b0000 - 0x00007ffb408bc000 	C:\WINDOWS\SYSTEM32\CRYPTBASE.dll
0x00007ffb40320000 - 0x00007ffb4035b000 	C:\WINDOWS\SYSTEM32\IPHLPAPI.DLL
0x00007ffb42350000 - 0x00007ffb42358000 	C:\WINDOWS\System32\NSI.dll
0x00007ffb33f80000 - 0x00007ffb33f97000 	C:\WINDOWS\SYSTEM32\dhcpcsvc6.DLL
0x00007ffb343b0000 - 0x00007ffb343cd000 	C:\WINDOWS\SYSTEM32\dhcpcsvc.DLL
0x00007ffb40360000 - 0x00007ffb4042c000 	C:\WINDOWS\SYSTEM32\DNSAPI.dll
0x00007ffb2fa80000 - 0x00007ffb2fabe000 	C:\Users\Joel Klingberg\AppData\Roaming\Code\User\globalStorage\redhat.java\0.82.0\config_ss_win\org.eclipse.equinox.launcher\org.eclipse.equinox.launcher.win32.win32.x86_64_1.2.300.v20210828-0802\eclipse_11506.dll
0x00007ffb41e20000 - 0x00007ffb41f4a000 	C:\WINDOWS\System32\ole32.dll
0x00007ffb32b00000 - 0x00007ffb32b11000 	C:\Users\Joel Klingberg\AppData\Roaming\Code\User\globalStorage\redhat.java\0.82.0\config_ss_win\org.eclipse.osgi\16\0\.cp\jWinHttp-1.0.0.dll

dbghelp: loaded successfully - version: 4.0.5 - missing functions: none
symbol engine: initialized successfully - sym options: 0x614 - pdb path: .;C:\Program Files\Eclipse Foundation\jdk-11.0.12.7-hotspot\bin;C:\WINDOWS\SYSTEM32;C:\WINDOWS\WinSxS\amd64_microsoft.windows.common-controls_6595b64144ccf1df_6.0.19041.1110_none_60b5254171f9507e;C:\Program Files\Eclipse Foundation\jdk-11.0.12.7-hotspot\bin\server;C:\Users\Joel Klingberg\AppData\Roaming\Code\User\globalStorage\redhat.java\0.82.0\config_ss_win\org.eclipse.equinox.launcher\org.eclipse.equinox.launcher.win32.win32.x86_64_1.2.300.v20210828-0802;C:\Users\Joel Klingberg\AppData\Roaming\Code\User\globalStorage\redhat.java\0.82.0\config_ss_win\org.eclipse.osgi\16\0\.cp

VM Arguments:
jvm_args: --add-modules=ALL-SYSTEM --add-opens=java.base/java.util=ALL-UNNAMED --add-opens=java.base/java.lang=ALL-UNNAMED -Declipse.application=org.eclipse.jdt.ls.core.id1 -Dosgi.bundles.defaultStartLevel=4 -Declipse.product=org.eclipse.jdt.ls.core.product -Dfile.encoding=utf8 -DwatchParentProcess=false -XX:+UseParallelGC -XX:GCTimeRatio=4 -XX:AdaptiveSizePolicyWeight=90 -Dsun.zip.disableMemoryMapping=true -Xmx1G -Xms100m -javaagent:c:\Users\Joel Klingberg\.vscode\extensions\gabrielbb.vscode-lombok-1.0.1\server\lombok.jar -Xverify:none 
java_command: c:\Users\Joel Klingberg\.vscode\extensions\redhat.java-0.82.0\server\plugins\org.eclipse.equinox.launcher_1.6.300.v20210813-1054.jar -configuration c:\Users\Joel Klingberg\AppData\Roaming\Code\User\globalStorage\redhat.java\0.82.0\config_ss_win -data c:\Users\Joel Klingberg\AppData\Roaming\Code\User\workspaceStorage\2ae2c676817ff599b1435dda7617d753\redhat.java\ss_ws
java_class_path (initial): c:\Users\Joel Klingberg\.vscode\extensions\redhat.java-0.82.0\server\plugins\org.eclipse.equinox.launcher_1.6.300.v20210813-1054.jar
Launcher Type: SUN_STANDARD

[Global flags]
    uintx AdaptiveSizePolicyWeight                 = 90                                        {product} {command line}
     bool BytecodeVerificationLocal                = false                                     {product} {command line}
     bool BytecodeVerificationRemote               = false                                     {product} {command line}
     intx CICompilerCount                          = 4                                         {product} {ergonomic}
    uintx GCTimeRatio                              = 4                                         {product} {command line}
   size_t InitialHeapSize                          = 104857600                                 {product} {command line}
   size_t MaxHeapSize                              = 1073741824                                {product} {command line}
   size_t MaxNewSize                               = 357564416                                 {product} {ergonomic}
   size_t MinHeapDeltaBytes                        = 524288                                    {product} {ergonomic}
   size_t NewSize                                  = 34603008                                  {product} {ergonomic}
    uintx NonNMethodCodeHeapSize                   = 5836300                                {pd product} {ergonomic}
    uintx NonProfiledCodeHeapSize                  = 122910970                              {pd product} {ergonomic}
   size_t OldSize                                  = 70254592                                  {product} {ergonomic}
    uintx ProfiledCodeHeapSize                     = 122910970                              {pd product} {ergonomic}
    uintx ReservedCodeCacheSize                    = 251658240                              {pd product} {ergonomic}
     bool SegmentedCodeCache                       = true                                      {product} {ergonomic}
     bool UseCompressedClassPointers               = true                                 {lp64_product} {ergonomic}
     bool UseCompressedOops                        = true                                 {lp64_product} {ergonomic}
     bool UseLargePagesIndividualAllocation        = false                                  {pd product} {ergonomic}
     bool UseParallelGC                            = true                                      {product} {command line}

Logging:
Log output configuration:
 #0: stdout all=warning uptime,level,tags
 #1: stderr all=off uptime,level,tags

Environment Variables:
JAVA_HOME=C:\Program Files\Eclipse Foundation\jdk-11.0.12.7-hotspot\
PATH=C:\Program Files\Eclipse Foundation\jdk-11.0.12.7-hotspot\bin;C:\WINDOWS\system32;C:\WINDOWS;C:\WINDOWS\System32\Wbem;C:\WINDOWS\System32\WindowsPowerShell\v1.0\;C:\WINDOWS\System32\OpenSSH\;C:\Program Files\Git\cmd;C:\src\flutter\bin;C:\Program Files\PuTTY\;C:\Users\Joel Klingberg\AppData\Local\Programs\Python\Python38-32;C:\Program Files\Amazon\AWSCLI\bin\;C:\HashiCorp\Vagrant\bin;C:\Users\Joel Klingberg\anaconda3\condabin;C:\Program Files\dotnet\;C:\Program Files\Microsoft SQL Server\130\Tools\Binn\;C:\Program Files\Microsoft SQL Server\Client SDK\ODBC\170\Tools\Binn\;C:\Program Files (x86)\Calibre2\;C:\Program Files\nodejs\;C:\Drivers\apache-maven-3.8.2\bin;;C:\Program Files\Docker\Docker\resources\bin;C:\ProgramData\DockerDesktop\version-bin;C:\Ruby27-x64\bin;C:\Users\Joel Klingberg\AppData\Local\Programs\Python\Python38\Scripts\;C:\Users\Joel Klingberg\AppData\Local\Programs\Python\Python38\;C:\Users\Joel Klingberg\AppData\Local\Microsoft\WindowsApps;C:\Users\Joel Klingberg\AppData\Local\hyper\app-3.0.2\resources\bin;C:\Program Files\heroku\bin;C:\Users\Joel Klingberg\AppData\Local\Programs\Python\Python38-32\Scripts;C:\Program Files\Java\jdk1.8.0_202\bin;C:\spark\spark-3.0.0-bin-hadoop2.7\bin;C:\Users\Joel Klingberg\.dotnet\tools;C:\Users\Joel Klingberg\AppData\Roaming\npm;C:\Users\Joel Klingberg\AppData\Local\Programs\Microsoft VS Code\bin
USERNAME=Joel Klingberg
OS=Windows_NT
PROCESSOR_IDENTIFIER=Intel64 Family 6 Model 158 Stepping 10, GenuineIntel



---------------  S Y S T E M  ---------------

OS: Windows 10 , 64 bit Build 19041 (10.0.19041.1202)
OS uptime: 2 days 18:19 hours
Hyper-V role detected

CPU:total 12 (initial active 12) (6 cores per cpu, 2 threads per core) family 6 model 158 stepping 10 microcode 0xea, cmov, cx8, fxsr, mmx, sse, sse2, sse3, ssse3, sse4.1, sse4.2, popcnt, avx, avx2, aes, clmul, erms, 3dnowpref, lzcnt, ht, tsc, tscinvbit, bmi1, bmi2, adx, fma

Memory: 4k page, system-wide physical 7919M (1353M free)
TotalPageFile size 20311M (AvailPageFile size 5944M)
current process WorkingSet (physical memory assigned to process): 168M, peak: 171M
current process commit charge ("private bytes"): 268M, peak: 270M

vm_info: OpenJDK 64-Bit Server VM (11.0.12+7) for windows-amd64 JRE (11.0.12+7), built on Jul 21 2021 16:23:49 by "" with unknown MS VC++:1916

END.
